Arguments: 
  /usr/bin/node /usr/bin/yarn add -D svelte-awesome-icons

PATH: 
  /perm/Android/Sdk/emulator:/perm/Android/Sdk/platform-tools:/perm/Android/Sdk/tools/bin:/perm/Android/Sdk/tools:/perm/Android/Sdk/emulator:/perm/Android/Sdk/platform-tools:/perm/Android/Sdk/tools/bin:/perm/Android/Sdk/tools:/perm/Android/Sdk/emulator:/perm/Android/Sdk/platform-tools:/perm/Android/Sdk/tools/bin:/perm/Android/Sdk/tools:/home/n00b/.cargo/bin:/usr/local/bin:/usr/bin:/usr/bin/site_perl:/usr/bin/vendor_perl:/usr/bin/core_perl

Yarn version: 
  1.22.19

Node version: 
  18.7.0

Platform: 
  linux x64

Trace: 
  Error: ENOENT: no such file or directory, copyfile '/home/n00b/.cache/yarn/v6/npm-estraverse-4.3.0-398ad3f3c5a24948be7725e83d11a7de28cdbd1d-integrity/node_modules/estraverse/.jshintrc' -> '/home/n00b/Projects/personal-website/svelte/node_modules/@typescript-eslint/utils/node_modules/estraverse/.jshintrc'

npm manifest: 
  {
  	"name": "svelte",
  	"version": "0.0.1",
  	"scripts": {
  		"dev": "vite dev",
  		"build": "vite build",
  		"package": "svelte-kit package",
  		"preview": "vite preview",
  		"test": "playwright test",
  		"check": "svelte-check --tsconfig ./tsconfig.json",
  		"check:watch": "svelte-check --tsconfig ./tsconfig.json --watch",
  		"lint": "prettier --check --plugin-search-dir=. . && eslint .",
  		"format": "prettier --write --plugin-search-dir=. ."
  	},
  	"devDependencies": {
  		"@playwright/test": "^1.22.2",
  		"@sveltejs/adapter-auto": "next",
  		"@sveltejs/kit": "next",
  		"@typescript-eslint/eslint-plugin": "^5.27.0",
  		"@typescript-eslint/parser": "^5.27.0",
  		"eslint": "^8.16.0",
  		"eslint-config-prettier": "^8.3.0",
  		"eslint-plugin-svelte3": "^4.0.0",
  		"prettier": "^2.6.2",
  		"prettier-plugin-svelte": "^2.7.0",
  		"svelte": "^3.44.0",
  		"svelte-check": "^2.7.1",
  		"svelte-preprocess": "^4.10.7",
  		"tslib": "^2.3.1",
  		"typescript": "^4.7.4",
  		"vite": "^3.0.0",
  		"postcss": "^8.4.14",
  		"postcss-load-config": "^4.0.1",
  		"autoprefixer": "^10.4.7",
  		"tailwindcss": "^3.1.5",
  		"three": "^0.142.0",
  		"svelte-cubed": "^0.2.1",
  		"mdsvex": "^0.10.6"
  	},
  	"type": "module"
  }

yarn manifest: 
  No manifest

Lockfile: 
  No lockfile
